failed to get console mode for stdout: The handle is invalid.
[1A[1B[0G[?25l[+] Running 2/0
 [32m✔[0m Container db        [32mCreated[0m[34m0.0s [0m
 [32m✔[0m Container info-app  [32mCreated[0m[34m0.0s [0m
[?25hAttaching to db, info-app
db        | 
db        | PostgreSQL Database directory appears to contain a database; Skipping initialization
db        | 
info-app  | 
info-app  |   .   ____          _            __ _ _
info-app  |  /\\ / ___'_ __ _ _(_)_ __  __ _ \ \ \ \
info-app  | ( ( )\___ | '_ | '_| | '_ \/ _` | \ \ \ \
info-app  |  \\/  ___)| |_)| | | | | || (_| |  ) ) ) )
info-app  |   '  |____| .__|_| |_|_| |_\__, | / / / /
info-app  |  =========|_|==============|___/=/_/_/_/
info-app  |  :: Spring Boot ::                (v3.0.6)
info-app  | 
info-app  | 2023-05-15T21:52:40.407Z  INFO 1 --- [           main] dv.kinash.hw20.Hw20Application           : Starting Hw20Application v0.0.1-SNAPSHOT using Java 17.0.2 with PID 1 (/app/app.jar started by root in /app)
info-app  | 2023-05-15T21:52:40.413Z  INFO 1 --- [           main] dv.kinash.hw20.Hw20Application           : No active profile set, falling back to 1 default profile: "default"
info-app  | 2023-05-15T21:52:41.703Z  INFO 1 --- [           main] .s.d.r.c.RepositoryConfigurationDelegate : Bootstrapping Spring Data JPA repositories in DEFAULT mode.
info-app  | 2023-05-15T21:52:41.796Z  INFO 1 --- [           main] .s.d.r.c.RepositoryConfigurationDelegate : Finished Spring Data repository scanning in 79 ms. Found 1 JPA repository interfaces.
info-app  | 2023-05-15T21:52:42.773Z  INFO 1 --- [           main] o.s.b.w.embedded.tomcat.TomcatWebServer  : Tomcat initialized with port(s): 8080 (http)
info-app  | 2023-05-15T21:52:42.795Z  INFO 1 --- [           main] o.apache.catalina.core.StandardService   : Starting service [Tomcat]
info-app  | 2023-05-15T21:52:42.795Z  INFO 1 --- [           main] o.apache.catalina.core.StandardEngine    : Starting Servlet engine: [Apache Tomcat/10.1.8]
info-app  | 2023-05-15T21:52:42.943Z  INFO 1 --- [           main] o.a.c.c.C.[Tomcat].[localhost].[/]       : Initializing Spring embedded WebApplicationContext
info-app  | 2023-05-15T21:52:42.946Z  INFO 1 --- [           main] w.s.c.ServletWebServerApplicationContext : Root WebApplicationContext: initialization completed in 2415 ms
info-app  | 2023-05-15T21:52:43.215Z  INFO 1 --- [           main] o.hibernate.jpa.internal.util.LogHelper  : HHH000204: Processing PersistenceUnitInfo [name: default]
info-app  | 2023-05-15T21:52:43.306Z  INFO 1 --- [           main] org.hibernate.Version                    : HHH000412: Hibernate ORM core version 6.1.7.Final
info-app  | 2023-05-15T21:52:43.736Z  INFO 1 --- [           main] com.zaxxer.hikari.HikariDataSource       : HikariPool-1 - Starting...
info-app  | 2023-05-15T21:52:44.083Z  INFO 1 --- [           main] com.zaxxer.hikari.pool.HikariPool        : HikariPool-1 - Added connection org.postgresql.jdbc.PgConnection@4b4dd216
info-app  | 2023-05-15T21:52:44.087Z  INFO 1 --- [           main] com.zaxxer.hikari.HikariDataSource       : HikariPool-1 - Start completed.
info-app  | 2023-05-15T21:52:44.183Z  INFO 1 --- [           main] SQL dialect                              : HHH000400: Using dialect: org.hibernate.dialect.PostgreSQLDialect
info-app  | 2023-05-15T21:52:45.406Z  INFO 1 --- [           main] o.h.e.t.j.p.i.JtaPlatformInitiator       : HHH000490: Using JtaPlatform implementation: [org.hibernate.engine.transaction.jta.platform.internal.NoJtaPlatform]
info-app  | 2023-05-15T21:52:45.428Z  INFO 1 --- [           main] j.LocalContainerEntityManagerFactoryBean : Initialized JPA EntityManagerFactory for persistence unit 'default'
info-app  | 2023-05-15T21:52:45.916Z  WARN 1 --- [           main] JpaBaseConfiguration$JpaWebConfiguration : spring.jpa.open-in-view is enabled by default. Therefore, database queries may be performed during view rendering. Explicitly configure spring.jpa.open-in-view to disable this warning
info-app  | 2023-05-15T21:52:46.587Z  INFO 1 --- [           main] o.s.b.w.embedded.tomcat.TomcatWebServer  : Tomcat started on port(s): 8080 (http) with context path ''
info-app  | 2023-05-15T21:52:46.606Z  INFO 1 --- [           main] dv.kinash.hw20.Hw20Application           : Started Hw20Application in 6.945 seconds (process running for 7.771)
failed to get console mode for stdout: The handle is invalid.
failed to get console mode for stdout: The handle is invalid.
[1A[1B[0G[?25l[+] Running 0/0
 - Container info-app  Stopping[34m0.1s [0m
[?25h[1A[1A[0G[?25l[+] Running 0/1
 - Container info-app  Stopping[34m0.2s [0m
[?25h[1A[1A[0G[?25l[+] Running 0/1
 - Container info-app  Stopping[34m0.3s [0m
[?25h[1A[1A[0G[?25l[+] Running 0/1
 - Container info-app  Stopping[34m0.4s [0m
[?25h[1A[1A[0G[?25l[+] Running 0/1
 - Container info-app  Stopping[34m0.5s [0m
[?25h[1A[1A[0G[?25l[+] Running 0/1
 - Container info-app  Stopping[34m0.6s [0m
[?25h[1A[1A[0G[?25l[+] Running 0/1
 - Container info-app  Stopping[34m0.7s [0m
[?25h[1A[1A[0G[?25l[+] Running 0/1
 - Container info-app  Stopping[34m0.8s [0m
[?25h[1A[1A[0G[?25l[+] Running 0/1
 - Container info-app  Stopping[34m0.9s [0m
[?25h[1A[1A[0G[?25l[+] Running 0/1
 - Container info-app  Stopping[34m1.0s [0m
[?25h[1A[1A[0G[?25l[+] Running 0/1
 - Container info-app  Stopping[34m1.1s [0m
[?25h[1A[1A[0G[?25l[+] Running 0/1
 - Container info-app  Stopping[34m1.2s [0m
[?25h[1A[1A[0G[?25l[+] Running 0/1
 - Container info-app  Stopping[34m1.3s [0m
[?25h[1A[1A[0G[?25l[+] Running 0/1
 - Container info-app  Stopping[34m1.4s [0m
[?25h[1A[1A[0G[?25l[+] Running 0/1
 - Container info-app  Stopping[34m1.5s [0m
[?25h[1A[1A[0G[?25l[+] Running 0/1
 - Container info-app  Stopping[34m1.6s [0m
[?25h[1A[1A[0G[?25l[34m[+] Running 1/1[0m
 [32m✔[0m Container info-app  [32mStopped[0m[34m1.6s [0m
 - Container db        Stopping[34m0.1s [0m
[?25h[1A[1A[1A[0G[?25l[+] Running 1/2
 [32m✔[0m Container info-app  [32mStopped[0m[34m1.6s [0m
 - Container db        Stopping[34m0.2s [0m
[?25h[1A[1A[1A[0G[?25l[+] Running 1/2
 [32m✔[0m Container info-app  [32mStopped[0m[34m1.6s [0m
 - Container db        Stopping[34m0.3s [0m
[?25h[1A[1A[1A[0G[?25l[+] Running 1/2
 [32m✔[0m Container info-app  [32mStopped[0m[34m1.6s [0m
 - Container db        Stopping[34m0.4s [0m
[?25h[1A[1A[1A[0G[?25l[+] Running 1/2
 [32m✔[0m Container info-app  [32mStopped[0m[34m1.6s [0m
 - Container db        Stopping[34m0.5s [0m
[?25h[1A[1A[1A[0G[?25l[+] Running 1/2
 [32m✔[0m Container info-app  [32mStopped[0m[34m1.6s [0m
 - Container db        Stopping[34m0.6s [0m
[?25h[1A[1A[1A[0G[?25l[+] Running 1/2
 [32m✔[0m Container info-app  [32mStopped[0m[34m1.6s [0m
 - Container db        Stopping[34m0.7s [0m
[?25h[1A[1A[1A[0G[?25l[+] Running 1/2
 [32m✔[0m Container info-app  [32mStopped[0m[34m1.6s [0m
 - Container db        Stopping[34m0.8s [0m
[?25h[1A[1A[1A[0G[?25l[+] Running 1/2
 [32m✔[0m Container info-app  [32mStopped[0m[34m1.6s [0m
 - Container db        Stopping[34m0.9s [0m
[?25h[1A[1A[1A[0G[?25l[+] Running 1/2
 [32m✔[0m Container info-app  [32mStopped[0m[34m1.6s [0m
 - Container db        Stopping[34m1.0s [0m
[?25h[1A[1A[1A[0G[?25l[+] Running 1/2
 [32m✔[0m Container info-app  [32mStopped[0m[34m1.6s [0m
 - Container db        Stopping[34m1.1s [0m
[?25h[1A[1A[1A[0G[?25l[+] Running 1/2
 [32m✔[0m Container info-app  [32mStopped[0m[34m1.6s [0m
 - Container db        Stopping[34m1.2s [0m
[?25h[1A[1A[1A[0G[?25l[+] Running 1/2
 [32m✔[0m Container info-app  [32mStopped[0m[34m1.6s [0m
 - Container db        Stopping[34m1.3s [0m
[?25h[1A[1A[1A[0G[?25l[+] Running 1/2
 [32m✔[0m Container info-app  [32mStopped[0m[34m1.6s [0m
 - Container db        Stopping[34m1.4s [0m
[?25h[1A[1A[1A[0G[?25l[+] Running 1/2
 [32m✔[0m Container info-app  [32mStopped[0m[34m1.6s [0m
 - Container db        Stopping[34m1.5s [0m
[?25h[1A[1A[1A[0G[?25l[+] Running 1/2
 [32m✔[0m Container info-app  [32mStopped[0m[34m1.6s [0m
 - Container db        Stopping[34m1.6s [0m
[?25h[1A[1A[1A[0G[?25l[+] Running 1/2
 [32m✔[0m Container info-app  [32mStopped[0m[34m1.6s [0m
 - Container db        Stopping[34m1.7s [0m
[?25h[1A[1A[1A[0G[?25l[+] Running 1/2
 [32m✔[0m Container info-app  [32mStopped[0m[34m1.6s [0m
 - Container db        Stopping[34m1.8s [0m
[?25h[1A[1A[1A[0G[?25l[+] Running 1/2
 [32m✔[0m Container info-app  [32mStopped[0m[34m1.6s [0m
 - Container db        Stopping[34m1.9s [0m
[?25h[1A[1A[1A[0G[?25l[+] Running 1/2
 [32m✔[0m Container info-app  [32mStopped[0m[34m1.6s [0m
 - Container db        Stopping[34m2.0s [0m
[?25h[1A[1A[1A[0G[?25l[+] Running 1/2
 [32m✔[0m Container info-app  [32mStopped[0m[34m1.6s [0m
 - Container db        Stopping[34m2.1s [0m
[?25h[1A[1A[1A[0G[?25l[+] Running 1/2
 [32m✔[0m Container info-app  [32mStopped[0m[34m1.6s [0m
 - Container db        Stopping[34m2.2s [0m
[?25h[1A[1A[1A[0G[?25l[+] Running 1/2
 [32m✔[0m Container info-app  [32mStopped[0m[34m1.6s [0m
 - Container db        Stopping[34m2.3s [0m
[?25h[1A[1A[1A[0G[?25l[+] Running 1/2
 [32m✔[0m Container info-app  [32mStopped[0m[34m1.6s [0m
 - Container db        Stopping[34m2.4s [0m
[?25h[1A[1A[1A[0G[?25l[34m[+] Running 2/2[0m
 [32m✔[0m Container info-app  [32mStopped[0m[34m1.6s [0m
 [32m✔[0m Container db        [32mStopped[0m[34m2.4s [0m
[?25h